<?xml version="1.0" encoding="UTF-8"?>
<!-- Generated by org.testng.reporters.JUnitReportReporter -->
<testsuite skipped="0" hostname="home-PC" name="com.qa.tests.LoginTest" tests="1" failures="0" timestamp="27 Jan 2019 18:39:26 GMT" time="23.739" errors="0">
  <testcase name="VerifyTitle" time="23.739" classname="com.qa.tests.LoginTest"/>
</testsuite> <!-- com.qa.tests.LoginTest -->
