<?xml version="1.0" encoding="UTF-8"?>
<!-- Generated by org.testng.reporters.JUnitReportReporter -->
<testsuite skipped="0" hostname="home-PC" name="com.qa.tests.LoginTest" tests="1" failures="0" timestamp="23 Jan 2019 17:06:15 GMT" time="17.764" errors="1">
  <testcase name="VerifyLoginTitleTest" time="17.764" classname="com.qa.tests.LoginTest">
    <error type="java.lang.OutOfMemoryError" message="Java heap space">
      <![CDATA[java.lang.OutOfMemoryError: Java heap space
at java.util.Arrays.copyOf(Unknown Source)
at java.lang.AbstractStringBuilder.ensureCapacityInternal(Unknown Source)
at java.lang.AbstractStringBuilder.append(Unknown Source)
at java.lang.StringBuffer.append(Unknown Source)
at java.io.StringWriter.write(Unknown Source)
at java.io.PrintWriter.write(Unknown Source)
at java.io.PrintWriter.write(Unknown Source)
at java.io.PrintWriter.print(Unknown Source)
at java.io.PrintWriter.println(Unknown Source)
at java.lang.Throwable$WrappedPrintWriter.println(Unknown Source)
at java.lang.Throwable.printEnclosedStackTrace(Unknown Source)
at java.lang.Throwable.printEnclosedStackTrace(Unknown Source)
at java.lang.Throwable.printEnclosedStackTrace(Unknown Source)
at java.lang.Throwable.printEnclosedStackTrace(Unknown Source)
at java.lang.Throwable.printEnclosedStackTrace(Unknown Source)
at java.lang.Throwable.printEnclosedStackTrace(Unknown Source)
at java.lang.Throwable.printEnclosedStackTrace(Unknown Source)
at java.lang.Throwable.printEnclosedStackTrace(Unknown Source)
at java.lang.Throwable.printEnclosedStackTrace(Unknown Source)
at java.lang.Throwable.printEnclosedStackTrace(Unknown Source)
at java.lang.Throwable.printEnclosedStackTrace(Unknown Source)
at java.lang.Throwable.printEnclosedStackTrace(Unknown Source)
at java.lang.Throwable.printEnclosedStackTrace(Unknown Source)
at java.lang.Throwable.printEnclosedStackTrace(Unknown Source)
at java.lang.Throwable.printEnclosedStackTrace(Unknown Source)
at java.lang.Throwable.printEnclosedStackTrace(Unknown Source)
at java.lang.Throwable.printEnclosedStackTrace(Unknown Source)
at java.lang.Throwable.printEnclosedStackTrace(Unknown Source)
at java.lang.Throwable.printEnclosedStackTrace(Unknown Source)
at java.lang.Throwable.printEnclosedStackTrace(Unknown Source)
at java.lang.Throwable.printEnclosedStackTrace(Unknown Source)
at java.lang.Throwable.printEnclosedStackTrace(Unknown Source)
]]>
    </error>
  </testcase> <!-- VerifyLoginTitleTest -->
</testsuite> <!-- com.qa.tests.LoginTest -->
